TN:
SF:script/DeployRaffle.s.sol
FN:11,DeployRaffle.deployContract
FNDA:14,DeployRaffle.deployContract
DA:14,14
DA:15,14
DA:18,14
BRDA:18,0,0,14
DA:19,14
DA:20,14
DA:23,14
DA:24,14
DA:32,14
DA:34,14
DA:42,14
DA:44,14
DA:46,14
DA:52,14
FN:55,DeployRaffle.run
FNDA:0,DeployRaffle.run
DA:56,0
FNF:2
FNH:1
LF:14
LH:13
BRF:1
BRH:1
end_of_record
TN:
SF:script/HelperConfig.s.sol
FN:38,HelperConfig.
FNDA:14,HelperConfig.
DA:39,14
FN:42,HelperConfig.getConfigByChainId
FNDA:0,HelperConfig.getConfigByChainId
DA:45,28
BRDA:45,0,0,-
BRDA:45,0,1,-
DA:46,0
DA:47,28
BRDA:47,1,0,28
BRDA:47,1,1,-
DA:48,28
DA:50,0
FN:54,HelperConfig.getConfig
FNDA:28,HelperConfig.getConfig
DA:55,28
FN:58,HelperConfig.getOrCreateAnvilEthConfig
FNDA:0,HelperConfig.getOrCreateAnvilEthConfig
DA:60,28
BRDA:60,2,0,14
DA:61,14
DA:64,14
DA:65,14
DA:70,14
DA:71,14
DA:73,14
DA:84,14
FN:87,HelperConfig.getSepoliaEthConfig
FNDA:14,HelperConfig.getSepoliaEthConfig
DA:88,14
FNF:5
FNH:3
LF:16
LH:14
BRF:5
BRH:2
end_of_record
TN:
SF:script/Interactions.s.sol
FN:12,CreateSubscription.createSubscriptionUsingConfig
FNDA:0,CreateSubscription.createSubscriptionUsingConfig
DA:13,0
DA:14,0
DA:15,0
DA:16,0
DA:17,0
FN:20,CreateSubscription.createSubscription
FNDA:14,CreateSubscription.createSubscription
DA:24,14
DA:25,14
DA:27,14
DA:28,14
FN:31,CreateSubscription.run
FNDA:0,CreateSubscription.run
FN:37,FundSubscription.fundSubscriptionUsingConfig
FNDA:0,FundSubscription.fundSubscriptionUsingConfig
DA:38,0
DA:39,0
DA:40,0
DA:41,0
DA:42,0
DA:43,0
FN:46,FundSubscription.fundSubscription
FNDA:14,FundSubscription.fundSubscription
DA:53,14
BRDA:53,0,0,14
BRDA:53,0,1,-
DA:54,14
DA:55,14
DA:59,14
DA:61,0
DA:62,0
DA:67,0
FN:71,FundSubscription.run
FNDA:0,FundSubscription.run
DA:72,0
FN:77,AddConsumer.addConsumerUsingConfig
FNDA:0,AddConsumer.addConsumerUsingConfig
DA:78,0
DA:79,0
DA:80,0
DA:81,0
DA:82,0
FN:85,AddConsumer.addConsumer
FNDA:14,AddConsumer.addConsumer
DA:91,14
DA:92,14
DA:93,14
FN:96,AddConsumer.run
FNDA:0,AddConsumer.run
DA:97,0
DA:101,0
FNF:9
FNH:3
LF:33
LH:11
BRF:2
BRH:1
end_of_record
TN:
SF:src/Raffle.sol
FN:68,Raffle.
FNDA:14,Raffle.
DA:76,14
DA:77,14
DA:78,14
DA:79,14
DA:80,14
DA:82,14
DA:83,14
FN:86,Raffle.enterRaffle
FNDA:271,Raffle.enterRaffle
DA:89,271
BRDA:89,0,0,1
DA:90,1
DA:92,270
BRDA:92,1,0,1
DA:93,1
DA:95,269
DA:99,269
FN:115,Raffle.checkUpkeep
FNDA:4,Raffle.checkUpkeep
DA:120,10
DA:121,10
DA:122,10
DA:123,10
DA:124,10
DA:125,10
FN:128,Raffle.performUpKeep
FNDA:6,Raffle.performUpKeep
DA:130,6
DA:131,6
BRDA:131,2,0,1
DA:132,1
DA:134,5
DA:135,5
DA:146,5
DA:148,5
FN:152,Raffle.fulfillRandomWords
FNDA:1,Raffle.fulfillRandomWords
DA:156,1
DA:157,1
DA:158,1
DA:159,1
DA:160,1
DA:161,1
DA:162,1
DA:165,1
DA:166,1
BRDA:166,3,0,-
DA:167,0
FN:174,Raffle.getEntranceFee
FNDA:0,Raffle.getEntranceFee
DA:175,0
FN:178,Raffle.getRaffleState
FNDA:4,Raffle.getRaffleState
DA:179,4
FN:182,Raffle.getPlayer
FNDA:1,Raffle.getPlayer
DA:183,1
FN:186,Raffle.getLastTimeStamp
FNDA:2,Raffle.getLastTimeStamp
DA:187,2
FN:190,Raffle.getRecentWinner
FNDA:1,Raffle.getRecentWinner
DA:191,1
FNF:10
FNH:9
LF:41
LH:39
BRF:4
BRH:3
end_of_record
TN:
SF:test/mocks/LinkToken.t.sol
FN:15,LinkToken.
FNDA:14,LinkToken.
DA:16,14
FN:19,LinkToken.mint
FNDA:0,LinkToken.mint
DA:20,0
FN:31,LinkToken.transferAndCall
FNDA:0,LinkToken.transferAndCall
DA:32,0
DA:34,0
DA:35,0
BRDA:35,0,0,-
DA:36,0
DA:38,0
FN:43,LinkToken.contractFallback
FNDA:0,LinkToken.contractFallback
DA:44,0
DA:45,0
FN:48,LinkToken.isContract
FNDA:0,LinkToken.isContract
DA:49,0
DA:51,0
DA:53,0
FNF:5
FNH:1
LF:12
LH:1
BRF:1
BRH:0
end_of_record
